2018/10/11 - 22:56:07 | 200 |       212.8µs |             ::1 | GET     /one
2018/10/11 - 22:56:07 | 404 |       6.354µs |             ::1 | GET     /favicon.ico
2018/10/11 - 23:02:00 | 404 |       7.668µs |             ::1 | GET     /two
2018/10/11 - 23:04:13 | 200 |      85.862µs |             ::1 | GET     /one
2018/10/11 - 23:29:24 | 200 |      68.742µs |             ::1 | GET     /one
2018/10/12 - 00:50:37 | 200 |        92.5µs |             ::1 | GET     /one
2018/10/12 - 00:50:37 | 404 |       9.169µs |             ::1 | GET     /favicon.ico
2018/10/12 - 00:52:33 | 404 |       7.069µs |             ::1 | GET     /two
2018/10/12 - 01:07:28 | 200 |      65.068µs |             ::1 | GET     /one
2018/10/12 - 02:33:06 | 200 |     106.154µs |             ::1 | GET     /one
2018/10/12 - 02:33:11 | 404 |       5.835µs |             ::1 | GET     /two
2018/10/12 - 02:40:41 | 404 |       8.992µs |             ::1 | GET     /two
2018/10/12 - 02:40:54 | 404 |      14.178µs |             ::1 | GET     /two
2018/10/12 - 02:40:57 | 404 |      25.555µs |             ::1 | GET     /two
2018/10/12 - 02:41:02 | 200 |     198.183µs |             ::1 | GET     /
2018/10/12 - 02:41:15 | 404 |       5.469µs |             ::1 | GET     /one
2018/10/12 - 02:49:31 | 200 |      420.03µs |             ::1 | GET     /one
2018/10/12 - 02:49:37 | 200 |      34.122µs |             ::1 | GET     /two
2018/10/12 - 02:50:08 | 200 |     221.889µs |             ::1 | GET     /two
2018/10/12 - 02:53:42 | 200 |     142.745µs |             ::1 | GET     /two
2018/10/12 - 02:53:44 | 200 |      60.573µs |             ::1 | GET     /two
2018/10/12 - 02:53:50 | 200 |       43.55µs |             ::1 | GET     /50
2018/10/12 - 02:53:55 | 200 |      43.742µs |             ::1 | GET     /one
2018/10/12 - 03:04:17 | 200 |    1.347394ms |             ::1 | GET     /one
2018/10/12 - 03:04:24 | 200 |     708.852µs |             ::1 | GET     /seven
2018/10/12 - 03:07:52 | 200 |    1.422376ms |             ::1 | GET     /seven
2018/10/12 - 03:07:59 | 200 |     520.918µs |             ::1 | GET     /one
2018/10/12 - 03:08:00 | 500 |    7.820984ms |             ::1 | GET     /once
2018/10/12 - 03:10:49 | 200 |     766.891µs |             ::1 | GET     /one
2018/10/12 - 03:10:52 | 200 |    1.298996ms |             ::1 | GET     /fd
2018/10/12 - 03:11:19 | 200 |    15.90854ms |             ::1 | GET     /fd
2018/10/12 - 03:11:27 | 500 |     2.02977ms |             ::1 | GET     /fd
2018/10/12 - 03:11:28 | 500 |     829.121µs |             ::1 | GET     /fd
2018/10/12 - 03:11:31 | 200 |      601.95µs |             ::1 | GET     /seven
2018/10/12 - 03:16:26 | 200 |     625.306µs |             ::1 | GET     /seven
2018/10/12 - 03:16:27 | 200 |     738.141µs |             ::1 | GET     /seven
2018/10/12 - 03:16:28 | 200 |     711.452µs |             ::1 | GET     /seven
2018/10/12 - 03:19:25 | 200 |    1.014282ms |             ::1 | GET     /seven
2018/10/12 - 03:20:51 | 200 |     955.878µs |             ::1 | GET     /seven
2018/10/12 - 03:26:02 | 500 |   10.159756ms |             ::1 | GET     /sevens
2018/10/12 - 03:26:51 | 500 |    3.930739ms |             ::1 | GET     /sevens
2018/10/12 - 03:26:54 | 500 |    4.735653ms |             ::1 | GET     /sevens
2018/10/12 - 03:27:35 | 500 |    3.107056ms |             ::1 | GET     /sevens
2018/10/12 - 03:34:01 | 200 |    1.059503ms |             ::1 | GET     /one
2018/10/12 - 03:34:01 | 500 |     534.591µs |             ::1 | GET     /favicon.ico
2018/10/12 - 03:34:05 | 500 |   15.580484ms |             ::1 | GET     /sevdf
2018/10/12 - 03:34:05 | 500 |     598.625µs |             ::1 | GET     /favicon.ico
2018/10/12 - 03:34:09 | 200 |     547.574µs |             ::1 | GET     /hundred
2018/10/12 - 03:34:09 | 500 |     477.161µs |             ::1 | GET     /favicon.ico
2018/10/12 - 03:40:08 | 200 |    1.085525ms |             ::1 | GET     /hundred
2018/10/12 - 03:40:08 | 500 |     633.113µs |             ::1 | GET     /favicon.ico
2018/10/12 - 03:40:09 | 200 |     746.765µs |             ::1 | GET     /hundred
2018/10/12 - 03:40:09 | 500 |     805.049µs |             ::1 | GET     /favicon.ico
2018/10/12 - 03:40:09 | 200 |     798.999µs |             ::1 | GET     /hundred
2018/10/12 - 03:40:09 | 500 |     540.483µs |             ::1 | GET     /favicon.ico
2018/10/12 - 03:40:09 | 200 |     907.949µs |             ::1 | GET     /hundred
2018/10/12 - 03:40:09 | 500 |     710.139µs |             ::1 | GET     /favicon.ico
2018/10/12 - 03:40:15 | 200 |   12.649141ms |             ::1 | GET     /one
2018/10/12 - 03:40:15 | 500 |     815.827µs |             ::1 | GET     /favicon.ico
2018/10/12 - 04:03:50 | 200 |     949.211µs |             ::1 | GET     /one
2018/10/12 - 04:03:50 | 500 |     596.129µs |             ::1 | GET     /favicon.ico
2018/10/12 - 04:03:51 | 200 |     892.644µs |             ::1 | GET     /one
2018/10/12 - 04:03:51 | 500 |     599.117µs |             ::1 | GET     /favicon.ico
2018/10/12 - 04:03:51 | 200 |     709.556µs |             ::1 | GET     /one
2018/10/12 - 04:03:51 | 500 |     763.142µs |             ::1 | GET     /favicon.ico
2018/10/12 - 04:03:51 | 200 |     832.477µs |             ::1 | GET     /one
2018/10/12 - 04:03:51 | 500 |     479.289µs |             ::1 | GET     /favicon.ico
2018/10/12 - 04:11:44 | 200 |    1.442378ms |             ::1 | GET     /one
2018/10/12 - 04:11:44 | 500 |     640.592µs |             ::1 | GET     /favicon.ico
2018/10/12 - 04:11:44 | 200 |      975.43µs |             ::1 | GET     /one
2018/10/12 - 04:11:44 | 500 |     712.435µs |             ::1 | GET     /favicon.ico
2018/10/12 - 04:11:45 | 200 |     935.935µs |             ::1 | GET     /one
2018/10/12 - 04:11:45 | 500 |      577.92µs |             ::1 | GET     /favicon.ico
2018/10/12 - 04:11:45 | 200 |     601.853µs |             ::1 | GET     /one
2018/10/12 - 04:11:45 | 500 |     781.644µs |             ::1 | GET     /favicon.ico
2018/10/12 - 04:18:07 | 200 |     836.639µs |             ::1 | GET     /one
2018/10/12 - 04:18:07 | 500 |     612.864µs |             ::1 | GET     /favicon.ico
2018/10/12 - 04:18:08 | 200 |     808.189µs |             ::1 | GET     /one
2018/10/12 - 04:18:08 | 500 |     571.024µs |             ::1 | GET     /favicon.ico
2018/10/12 - 04:18:08 | 200 |     888.869µs |             ::1 | GET     /one
2018/10/12 - 04:18:08 | 500 |     545.262µs |             ::1 | GET     /favicon.ico
2018/10/12 - 04:18:08 | 200 |     770.207µs |             ::1 | GET     /one
2018/10/12 - 04:18:08 | 500 |      548.55µs |             ::1 | GET     /favicon.ico
2018/10/12 - 04:18:08 | 200 |     824.817µs |             ::1 | GET     /one
2018/10/12 - 04:18:08 | 500 |     805.728µs |             ::1 | GET     /favicon.ico
2018/10/12 - 04:18:35 | 200 |    1.620785ms |             ::1 | GET     /one
2018/10/12 - 04:18:35 | 500 |     512.785µs |             ::1 | GET     /favicon.ico
2018/10/12 - 04:18:36 | 200 |     790.869µs |             ::1 | GET     /one
2018/10/12 - 04:18:36 | 500 |     718.821µs |             ::1 | GET     /favicon.ico
2018/10/12 - 04:18:36 | 200 |     529.128µs |             ::1 | GET     /one
2018/10/12 - 04:18:36 | 500 |     713.503µs |             ::1 | GET     /favicon.ico
